<?xml version="1.0" encoding="UTF-8"?>
<testng-results total="2" passed="0" failed="2" skipped="0">
  <reporter-output>
  </reporter-output>
  <suite started-at="2024-03-11T21:20:49Z" name="Regression Test" finished-at="2024-03-11T21:20:59Z" duration-ms="9612">
    <groups>
      <group name="cucumber">
        <method signature="AbstractTestNGCucumberTests.runScenario(io.cucumber.testng.PickleWrapper, io.cucumber.testng.FeatureWrapper)[pri:0, instance:runners.TestRunner@7922d892]" name="runScenario" class="io.cucumber.testng.AbstractTestNGCucumberTests"/>
      </group> <!-- cucumber -->
    </groups>
    <test started-at="2024-03-11T21:20:49Z" name="Google Search" finished-at="2024-03-11T21:20:59Z" duration-ms="9612">
      <class name="runners.TestRunner">
        <test-method is-config="true" signature="setUpClass(org.testng.ITestContext)[pri:0, instance:runners.TestRunner@7922d892]" started-at="2024-03-11T17:20:49Z" name="setUpClass" finished-at="2024-03-11T17:20:50Z" duration-ms="315" status="PASS">
          <params>
            <param index="0">
              <value>
                <![CDATA[org.testng.TestRunner@1b5c3e5f]]>
              </value>
            </param>
          </params>
          <reporter-output>
          </reporter-output>
        </test-method> <!-- setUpClass -->
        <test-method signature="runScenario(io.cucumber.testng.PickleWrapper, io.cucumber.testng.FeatureWrapper)[pri:0, instance:runners.TestRunner@7922d892]" started-at="2024-03-11T17:20:50Z" name="runScenario" description="Runs Cucumber Scenarios" data-provider="scenarios" finished-at="2024-03-11T17:20:55Z" duration-ms="5038" status="FAIL">
          <params>
            <param index="0">
              <value>
                <![CDATA["perform a googole job search"]]>
              </value>
            </param>
            <param index="1">
              <value>
                <![CDATA["google Search"]]>
              </value>
            </param>
          </params>
          <exception class="org.openqa.selenium.SessionNotCreatedException">
            <message>
              <![CDATA[session not created: This version of ChromeDriver only supports Chrome version 114
Current browser version is 122.0.6261.112 with binary path /Applications/Google Chrome.app/Contents/MacOS/Google Chrome
Build info: version: '3.141.59', revision: 'e82be7d358', time: '2018-11-14T08:17:03'
System info: host: 'Mohans-MBP.lan', ip: '2603:7000:dd00:5736:0:0:0:169b%en0', os.name: 'Mac OS X', os.arch: 'x86_64', os.version: '14.2', java.version: '17.0.9'
Driver info: driver.version: ChromeDriver
remote stacktrace: 0   chromedriver                        0x000000010052d6b8 chromedriver + 4937400
1   chromedriver                        0x0000000100524b73 chromedriver + 4901747
2   chromedriver                        0x00000001000e2616 chromedriver + 435734
3   chromedriver                        0x0000000100114d10 chromedriver + 642320
4   chromedriver                        0x000000010011018a chromedriver + 622986
5   chromedriver                        0x000000010010c67c chromedriver + 607868
6   chromedriver                        0x0000000100153a08 chromedriver + 899592
7   chromedriver                        0x0000000100152ebf chromedriver + 896703
8   chromedriver                        0x0000000100149de3 chromedriver + 859619
9   chromedriver                        0x0000000100117d7f chromedriver + 654719
10  chromedriver                        0x00000001001190de chromedriver + 659678
11  chromedriver                        0x00000001004e92ad chromedriver + 4657837
12  chromedriver                        0x00000001004ee130 chromedriver + 4677936
13  chromedriver                        0x00000001004f4def chromedriver + 4705775
14  chromedriver                        0x00000001004ef05a chromedriver + 4681818
15  chromedriver                        0x00000001004c192c chromedriver + 4495660
16  chromedriver                        0x000000010050c838 chromedriver + 4802616
17  chromedriver                        0x000000010050c9b7 chromedriver + 4802999
18  chromedriver                        0x000000010051d99f chromedriver + 4872607
19  libsystem_pthread.dylib             0x00007ff80f7b3202 _pthread_start + 99
20  libsystem_pthread.dylib             0x00007ff80f7aebab thread_start + 15
]]>
            </message>
            <full-stacktrace>
              <![CDATA[org.openqa.selenium.SessionNotCreatedException: session not created: This version of ChromeDriver only supports Chrome version 114
Current browser version is 122.0.6261.112 with binary path /Applications/Google Chrome.app/Contents/MacOS/Google Chrome
Build info: version: '3.141.59', revision: 'e82be7d358', time: '2018-11-14T08:17:03'
System info: host: 'Mohans-MBP.lan', ip: '2603:7000:dd00:5736:0:0:0:169b%en0', os.name: 'Mac OS X', os.arch: 'x86_64', os.version: '14.2', java.version: '17.0.9'
Driver info: driver.version: ChromeDriver
remote stacktrace: 0   chromedriver                        0x000000010052d6b8 chromedriver + 4937400
1   chromedriver                        0x0000000100524b73 chromedriver + 4901747
2   chromedriver                        0x00000001000e2616 chromedriver + 435734
3   chromedriver                        0x0000000100114d10 chromedriver + 642320
4   chromedriver                        0x000000010011018a chromedriver + 622986
5   chromedriver                        0x000000010010c67c chromedriver + 607868
6   chromedriver                        0x0000000100153a08 chromedriver + 899592
7   chromedriver                        0x0000000100152ebf chromedriver + 896703
8   chromedriver                        0x0000000100149de3 chromedriver + 859619
9   chromedriver                        0x0000000100117d7f chromedriver + 654719
10  chromedriver                        0x00000001001190de chromedriver + 659678
11  chromedriver                        0x00000001004e92ad chromedriver + 4657837
12  chromedriver                        0x00000001004ee130 chromedriver + 4677936
13  chromedriver                        0x00000001004f4def chromedriver + 4705775
14  chromedriver                        0x00000001004ef05a chromedriver + 4681818
15  chromedriver                        0x00000001004c192c chromedriver + 4495660
16  chromedriver                        0x000000010050c838 chromedriver + 4802616
17  chromedriver                        0x000000010050c9b7 chromedriver + 4802999
18  chromedriver                        0x000000010051d99f chromedriver + 4872607
19  libsystem_pthread.dylib             0x00007ff80f7b3202 _pthread_start + 99
20  libsystem_pthread.dylib             0x00007ff80f7aebab thread_start + 15

	at java.base/jdk.internal.reflect.NativeConstructorAccessorImpl.newInstance0(Native Method)
	at java.base/jdk.internal.reflect.NativeConstructorAccessorImpl.newInstance(NativeConstructorAccessorImpl.java:77)
	at java.base/jdk.internal.reflect.DelegatingConstructorAccessorImpl.newInstance(DelegatingConstructorAccessorImpl.java:45)
	at java.base/java.lang.reflect.Constructor.newInstanceWithCaller(Constructor.java:499)
	at java.base/java.lang.reflect.Constructor.newInstance(Constructor.java:480)
	at org.openqa.selenium.remote.W3CHandshakeResponse.lambda$errorHandler$0(W3CHandshakeResponse.java:62)
	at org.openqa.selenium.remote.HandshakeResponse.lambda$getResponseFunction$0(HandshakeResponse.java:30)
	at org.openqa.selenium.remote.ProtocolHandshake.lambda$createSession$0(ProtocolHandshake.java:126)
	at java.base/java.util.stream.ReferencePipeline$3$1.accept(ReferencePipeline.java:197)
	at java.base/java.util.Spliterators$ArraySpliterator.tryAdvance(Spliterators.java:1002)
	at java.base/java.util.stream.ReferencePipeline.forEachWithCancel(ReferencePipeline.java:129)
	at java.base/java.util.stream.AbstractPipeline.copyIntoWithCancel(AbstractPipeline.java:527)
	at java.base/java.util.stream.AbstractPipeline.copyInto(AbstractPipeline.java:513)
	at java.base/java.util.stream.AbstractPipeline.wrapAndCopyInto(AbstractPipeline.java:499)
	at java.base/java.util.stream.FindOps$FindOp.evaluateSequential(FindOps.java:150)
	at java.base/java.util.stream.AbstractPipeline.evaluate(AbstractPipeline.java:234)
	at java.base/java.util.stream.ReferencePipeline.findFirst(ReferencePipeline.java:647)
	at org.openqa.selenium.remote.ProtocolHandshake.createSession(ProtocolHandshake.java:128)
	at org.openqa.selenium.remote.ProtocolHandshake.createSession(ProtocolHandshake.java:74)
	at org.openqa.selenium.remote.HttpCommandExecutor.execute(HttpCommandExecutor.java:136)
	at org.openqa.selenium.remote.service.DriverCommandExecutor.execute(DriverCommandExecutor.java:83)
	at org.openqa.selenium.remote.RemoteWebDriver.execute(RemoteWebDriver.java:552)
	at org.openqa.selenium.remote.RemoteWebDriver.startSession(RemoteWebDriver.java:213)
	at org.openqa.selenium.remote.RemoteWebDriver.<init>(RemoteWebDriver.java:131)
	at org.openqa.selenium.chrome.ChromeDriver.<init>(ChromeDriver.java:181)
	at org.openqa.selenium.chrome.ChromeDriver.<init>(ChromeDriver.java:168)
	at org.openqa.selenium.chrome.ChromeDriver.<init>(ChromeDriver.java:123)
	at common.December2023Googlebase.launchBrowser(December2023Googlebase.java:17)
	at steps.December2023GoogleSearch.i_am_in_the_google_homepage(December2023GoogleSearch.java:26)
	at ✽.I am in the Google homepage(file:///Users/kopila/eclipse-workspace/Assignments/December2023QA-F/Feature/GoogleSearch.feature:6)
]]>
            </full-stacktrace>
          </exception> <!-- org.openqa.selenium.SessionNotCreatedException -->
          <reporter-output>
          </reporter-output>
        </test-method> <!-- runScenario -->
        <test-method signature="runScenario(io.cucumber.testng.PickleWrapper, io.cucumber.testng.FeatureWrapper)[pri:0, instance:runners.TestRunner@7922d892]" started-at="2024-03-11T17:20:55Z" name="runScenario" description="Runs Cucumber Scenarios" data-provider="scenarios" finished-at="2024-03-11T17:20:59Z" duration-ms="4228" status="FAIL">
          <params>
            <param index="0">
              <value>
                <![CDATA["perform a googole job search"]]>
              </value>
            </param>
            <param index="1">
              <value>
                <![CDATA["google Search"]]>
              </value>
            </param>
          </params>
          <exception class="org.openqa.selenium.SessionNotCreatedException">
            <message>
              <![CDATA[session not created: This version of ChromeDriver only supports Chrome version 114
Current browser version is 122.0.6261.112 with binary path /Applications/Google Chrome.app/Contents/MacOS/Google Chrome
Build info: version: '3.141.59', revision: 'e82be7d358', time: '2018-11-14T08:17:03'
System info: host: 'Mohans-MBP.lan', ip: '2603:7000:dd00:5736:0:0:0:169b%en0', os.name: 'Mac OS X', os.arch: 'x86_64', os.version: '14.2', java.version: '17.0.9'
Driver info: driver.version: ChromeDriver
remote stacktrace: 0   chromedriver                        0x0000000102fcb6b8 chromedriver + 4937400
1   chromedriver                        0x0000000102fc2b73 chromedriver + 4901747
2   chromedriver                        0x0000000102b80616 chromedriver + 435734
3   chromedriver                        0x0000000102bb2d10 chromedriver + 642320
4   chromedriver                        0x0000000102bae18a chromedriver + 622986
5   chromedriver                        0x0000000102baa67c chromedriver + 607868
6   chromedriver                        0x0000000102bf1a08 chromedriver + 899592
7   chromedriver                        0x0000000102bf0ebf chromedriver + 896703
8   chromedriver                        0x0000000102be7de3 chromedriver + 859619
9   chromedriver                        0x0000000102bb5d7f chromedriver + 654719
10  chromedriver                        0x0000000102bb70de chromedriver + 659678
11  chromedriver                        0x0000000102f872ad chromedriver + 4657837
12  chromedriver                        0x0000000102f8c130 chromedriver + 4677936
13  chromedriver                        0x0000000102f92def chromedriver + 4705775
14  chromedriver                        0x0000000102f8d05a chromedriver + 4681818
15  chromedriver                        0x0000000102f5f92c chromedriver + 4495660
16  chromedriver                        0x0000000102faa838 chromedriver + 4802616
17  chromedriver                        0x0000000102faa9b7 chromedriver + 4802999
18  chromedriver                        0x0000000102fbb99f chromedriver + 4872607
19  libsystem_pthread.dylib             0x00007ff80f7b3202 _pthread_start + 99
20  libsystem_pthread.dylib             0x00007ff80f7aebab thread_start + 15
]]>
            </message>
            <full-stacktrace>
              <![CDATA[org.openqa.selenium.SessionNotCreatedException: session not created: This version of ChromeDriver only supports Chrome version 114
Current browser version is 122.0.6261.112 with binary path /Applications/Google Chrome.app/Contents/MacOS/Google Chrome
Build info: version: '3.141.59', revision: 'e82be7d358', time: '2018-11-14T08:17:03'
System info: host: 'Mohans-MBP.lan', ip: '2603:7000:dd00:5736:0:0:0:169b%en0', os.name: 'Mac OS X', os.arch: 'x86_64', os.version: '14.2', java.version: '17.0.9'
Driver info: driver.version: ChromeDriver
remote stacktrace: 0   chromedriver                        0x0000000102fcb6b8 chromedriver + 4937400
1   chromedriver                        0x0000000102fc2b73 chromedriver + 4901747
2   chromedriver                        0x0000000102b80616 chromedriver + 435734
3   chromedriver                        0x0000000102bb2d10 chromedriver + 642320
4   chromedriver                        0x0000000102bae18a chromedriver + 622986
5   chromedriver                        0x0000000102baa67c chromedriver + 607868
6   chromedriver                        0x0000000102bf1a08 chromedriver + 899592
7   chromedriver                        0x0000000102bf0ebf chromedriver + 896703
8   chromedriver                        0x0000000102be7de3 chromedriver + 859619
9   chromedriver                        0x0000000102bb5d7f chromedriver + 654719
10  chromedriver                        0x0000000102bb70de chromedriver + 659678
11  chromedriver                        0x0000000102f872ad chromedriver + 4657837
12  chromedriver                        0x0000000102f8c130 chromedriver + 4677936
13  chromedriver                        0x0000000102f92def chromedriver + 4705775
14  chromedriver                        0x0000000102f8d05a chromedriver + 4681818
15  chromedriver                        0x0000000102f5f92c chromedriver + 4495660
16  chromedriver                        0x0000000102faa838 chromedriver + 4802616
17  chromedriver                        0x0000000102faa9b7 chromedriver + 4802999
18  chromedriver                        0x0000000102fbb99f chromedriver + 4872607
19  libsystem_pthread.dylib             0x00007ff80f7b3202 _pthread_start + 99
20  libsystem_pthread.dylib             0x00007ff80f7aebab thread_start + 15

	at java.base/jdk.internal.reflect.NativeConstructorAccessorImpl.newInstance0(Native Method)
	at java.base/jdk.internal.reflect.NativeConstructorAccessorImpl.newInstance(NativeConstructorAccessorImpl.java:77)
	at java.base/jdk.internal.reflect.DelegatingConstructorAccessorImpl.newInstance(DelegatingConstructorAccessorImpl.java:45)
	at java.base/java.lang.reflect.Constructor.newInstanceWithCaller(Constructor.java:499)
	at java.base/java.lang.reflect.Constructor.newInstance(Constructor.java:480)
	at org.openqa.selenium.remote.W3CHandshakeResponse.lambda$errorHandler$0(W3CHandshakeResponse.java:62)
	at org.openqa.selenium.remote.HandshakeResponse.lambda$getResponseFunction$0(HandshakeResponse.java:30)
	at org.openqa.selenium.remote.ProtocolHandshake.lambda$createSession$0(ProtocolHandshake.java:126)
	at java.base/java.util.stream.ReferencePipeline$3$1.accept(ReferencePipeline.java:197)
	at java.base/java.util.Spliterators$ArraySpliterator.tryAdvance(Spliterators.java:1002)
	at java.base/java.util.stream.ReferencePipeline.forEachWithCancel(ReferencePipeline.java:129)
	at java.base/java.util.stream.AbstractPipeline.copyIntoWithCancel(AbstractPipeline.java:527)
	at java.base/java.util.stream.AbstractPipeline.copyInto(AbstractPipeline.java:513)
	at java.base/java.util.stream.AbstractPipeline.wrapAndCopyInto(AbstractPipeline.java:499)
	at java.base/java.util.stream.FindOps$FindOp.evaluateSequential(FindOps.java:150)
	at java.base/java.util.stream.AbstractPipeline.evaluate(AbstractPipeline.java:234)
	at java.base/java.util.stream.ReferencePipeline.findFirst(ReferencePipeline.java:647)
	at org.openqa.selenium.remote.ProtocolHandshake.createSession(ProtocolHandshake.java:128)
	at org.openqa.selenium.remote.ProtocolHandshake.createSession(ProtocolHandshake.java:74)
	at org.openqa.selenium.remote.HttpCommandExecutor.execute(HttpCommandExecutor.java:136)
	at org.openqa.selenium.remote.service.DriverCommandExecutor.execute(DriverCommandExecutor.java:83)
	at org.openqa.selenium.remote.RemoteWebDriver.execute(RemoteWebDriver.java:552)
	at org.openqa.selenium.remote.RemoteWebDriver.startSession(RemoteWebDriver.java:213)
	at org.openqa.selenium.remote.RemoteWebDriver.<init>(RemoteWebDriver.java:131)
	at org.openqa.selenium.chrome.ChromeDriver.<init>(ChromeDriver.java:181)
	at org.openqa.selenium.chrome.ChromeDriver.<init>(ChromeDriver.java:168)
	at org.openqa.selenium.chrome.ChromeDriver.<init>(ChromeDriver.java:123)
	at common.December2023Googlebase.launchBrowser(December2023Googlebase.java:17)
	at steps.December2023GoogleSearch.i_am_in_the_google_homepage(December2023GoogleSearch.java:26)
	at ✽.I am in the Google homepage(file:///Users/kopila/eclipse-workspace/Assignments/December2023QA-F/Feature/GoogleSearch.feature:6)
]]>
            </full-stacktrace>
          </exception> <!-- org.openqa.selenium.SessionNotCreatedException -->
          <reporter-output>
          </reporter-output>
        </test-method> <!-- runScenario -->
        <test-method is-config="true" signature="tearDownClass()[pri:0, instance:runners.TestRunner@7922d892]" started-at="2024-03-11T17:20:59Z" name="tearDownClass" finished-at="2024-03-11T17:20:59Z" duration-ms="6" status="PASS">
          <reporter-output>
          </reporter-output>
        </test-method> <!-- tearDownClass -->
      </class> <!-- runners.TestRunner -->
    </test> <!-- Google Search -->
  </suite> <!-- Regression Test -->
</testng-results>
