<?xml version="1.0" encoding="UTF-8"?>
<testsuite xmlns:xsi="http://www.w3.org/2001/XMLSchema-instance" xsi:noNamespaceSchemaLocation="https://maven.apache.org/surefire/maven-surefire-plugin/xsd/surefire-test-report-3.0.xsd" version="3.0" name="TestSuite" time="10.783" tests="2" errors="0" skipped="0" failures="2">
  <properties>
[...]
</properties>
  <testcase name="runScenario[&quot;perform a googole job search&quot;, &quot;google Search&quot;](1)" classname="runners.TestRunner" time="5.048">
    <failure message="session not created: This version of ChromeDriver only supports Chrome version 114&#10;Current browser version is 122.0.6261.112 with binary path /Applications/Google Chrome.app/Contents/MacOS/Google Chrome&#10;Build info: version: &apos;3.141.59&apos;, revision: &apos;e82be7d358&apos;, time: &apos;2018-11-14T08:17:03&apos;&#10;System info: host: &apos;Mohans-MBP.lan&apos;, ip: &apos;2603:7000:dd00:5736:0:0:0:169b%en0&apos;, os.name: &apos;Mac OS X&apos;, os.arch: &apos;x86_64&apos;, os.version: &apos;14.2&apos;, java.version: &apos;17.0.9&apos;&#10;Driver info: driver.version: ChromeDriver&#10;remote stacktrace: 0   chromedriver                        0x000000010052d6b8 chromedriver + 4937400&#10;1   chromedriver                        0x0000000100524b73 chromedriver + 4901747&#10;2   chromedriver                        0x00000001000e2616 chromedriver + 435734&#10;3   chromedriver                        0x0000000100114d10 chromedriver + 642320&#10;4   chromedriver                        0x000000010011018a chromedriver + 622986&#10;5   chromedriver                        0x000000010010c67c chromedriver + 607868&#10;6   chromedriver                        0x0000000100153a08 chromedriver + 899592&#10;7   chromedriver                        0x0000000100152ebf chromedriver + 896703&#10;8   chromedriver                        0x0000000100149de3 chromedriver + 859619&#10;9   chromedriver                        0x0000000100117d7f chromedriver + 654719&#10;10  chromedriver                        0x00000001001190de chromedriver + 659678&#10;11  chromedriver                        0x00000001004e92ad chromedriver + 4657837&#10;12  chromedriver                        0x00000001004ee130 chromedriver + 4677936&#10;13  chromedriver                        0x00000001004f4def chromedriver + 4705775&#10;14  chromedriver                        0x00000001004ef05a chromedriver + 4681818&#10;15  chromedriver                        0x00000001004c192c chromedriver + 4495660&#10;16  chromedriver                        0x000000010050c838 chromedriver + 4802616&#10;17  chromedriver                        0x000000010050c9b7 chromedriver + 4802999&#10;18  chromedriver                        0x000000010051d99f chromedriver + 4872607&#10;19  libsystem_pthread.dylib             0x00007ff80f7b3202 _pthread_start + 99&#10;20  libsystem_pthread.dylib             0x00007ff80f7aebab thread_start + 15&#10;" type="org.openqa.selenium.SessionNotCreatedException"><![CDATA[org.openqa.selenium.SessionNotCreatedException: 
session not created: This version of ChromeDriver only supports Chrome version 114
Current browser version is 122.0.6261.112 with binary path /Applications/Google Chrome.app/Contents/MacOS/Google Chrome
Build info: version: '3.141.59', revision: 'e82be7d358', time: '2018-11-14T08:17:03'
System info: host: 'Mohans-MBP.lan', ip: '2603:7000:dd00:5736:0:0:0:169b%en0', os.name: 'Mac OS X', os.arch: 'x86_64', os.version: '14.2', java.version: '17.0.9'
Driver info: driver.version: ChromeDriver
remote stacktrace: 0   chromedriver                        0x000000010052d6b8 chromedriver + 4937400
1   chromedriver                        0x0000000100524b73 chromedriver + 4901747
2   chromedriver                        0x00000001000e2616 chromedriver + 435734
3   chromedriver                        0x0000000100114d10 chromedriver + 642320
4   chromedriver                        0x000000010011018a chromedriver + 622986
5   chromedriver                        0x000000010010c67c chromedriver + 607868
6   chromedriver                        0x0000000100153a08 chromedriver + 899592
7   chromedriver                        0x0000000100152ebf chromedriver + 896703
8   chromedriver                        0x0000000100149de3 chromedriver + 859619
9   chromedriver                        0x0000000100117d7f chromedriver + 654719
10  chromedriver                        0x00000001001190de chromedriver + 659678
11  chromedriver                        0x00000001004e92ad chromedriver + 4657837
12  chromedriver                        0x00000001004ee130 chromedriver + 4677936
13  chromedriver                        0x00000001004f4def chromedriver + 4705775
14  chromedriver                        0x00000001004ef05a chromedriver + 4681818
15  chromedriver                        0x00000001004c192c chromedriver + 4495660
16  chromedriver                        0x000000010050c838 chromedriver + 4802616
17  chromedriver                        0x000000010050c9b7 chromedriver + 4802999
18  chromedriver                        0x000000010051d99f chromedriver + 4872607
19  libsystem_pthread.dylib             0x00007ff80f7b3202 _pthread_start + 99
20  libsystem_pthread.dylib             0x00007ff80f7aebab thread_start + 15

	at java.base/jdk.internal.reflect.NativeConstructorAccessorImpl.newInstance0(Native Method)
	at java.base/jdk.internal.reflect.NativeConstructorAccessorImpl.newInstance(NativeConstructorAccessorImpl.java:77)
	at java.base/jdk.internal.reflect.DelegatingConstructorAccessorImpl.newInstance(DelegatingConstructorAccessorImpl.java:45)
	at java.base/java.lang.reflect.Constructor.newInstanceWithCaller(Constructor.java:499)
	at java.base/java.lang.reflect.Constructor.newInstance(Constructor.java:480)
	at org.openqa.selenium.remote.W3CHandshakeResponse.lambda$errorHandler$0(W3CHandshakeResponse.java:62)
	at org.openqa.selenium.remote.HandshakeResponse.lambda$getResponseFunction$0(HandshakeResponse.java:30)
	at org.openqa.selenium.remote.ProtocolHandshake.lambda$createSession$0(ProtocolHandshake.java:126)
	at java.base/java.util.stream.ReferencePipeline$3$1.accept(ReferencePipeline.java:197)
	at java.base/java.util.Spliterators$ArraySpliterator.tryAdvance(Spliterators.java:1002)
	at java.base/java.util.stream.ReferencePipeline.forEachWithCancel(ReferencePipeline.java:129)
	at java.base/java.util.stream.AbstractPipeline.copyIntoWithCancel(AbstractPipeline.java:527)
	at java.base/java.util.stream.AbstractPipeline.copyInto(AbstractPipeline.java:513)
	at java.base/java.util.stream.AbstractPipeline.wrapAndCopyInto(AbstractPipeline.java:499)
	at java.base/java.util.stream.FindOps$FindOp.evaluateSequential(FindOps.java:150)
	at java.base/java.util.stream.AbstractPipeline.evaluate(AbstractPipeline.java:234)
	at java.base/java.util.stream.ReferencePipeline.findFirst(ReferencePipeline.java:647)
	at org.openqa.selenium.remote.ProtocolHandshake.createSession(ProtocolHandshake.java:128)
	at org.openqa.selenium.remote.ProtocolHandshake.createSession(ProtocolHandshake.java:74)
	at org.openqa.selenium.remote.HttpCommandExecutor.execute(HttpCommandExecutor.java:136)
	at org.openqa.selenium.remote.service.DriverCommandExecutor.execute(DriverCommandExecutor.java:83)
	at org.openqa.selenium.remote.RemoteWebDriver.execute(RemoteWebDriver.java:552)
	at org.openqa.selenium.remote.RemoteWebDriver.startSession(RemoteWebDriver.java:213)
	at org.openqa.selenium.remote.RemoteWebDriver.<init>(RemoteWebDriver.java:131)
	at org.openqa.selenium.chrome.ChromeDriver.<init>(ChromeDriver.java:181)
	at org.openqa.selenium.chrome.ChromeDriver.<init>(ChromeDriver.java:168)
	at org.openqa.selenium.chrome.ChromeDriver.<init>(ChromeDriver.java:123)
	at common.December2023Googlebase.launchBrowser(December2023Googlebase.java:17)
	at steps.December2023GoogleSearch.i_am_in_the_google_homepage(December2023GoogleSearch.java:26)
	at ✽.I am in the Google homepage(file:///Users/kopila/eclipse-workspace/Assignments/December2023QA-F/Feature/GoogleSearch.feature:6)
]]></failure>
    <system-out><![CDATA[[TestNGContentHandler] [WARN] It is strongly recommended to add "<!DOCTYPE suite SYSTEM "http://testng.org/testng-1.0.dtd" >" at the top of your file, otherwise TestNG may fail or not work as expected.
]]></system-out>
    <system-err><![CDATA[SLF4J: No SLF4J providers were found.
SLF4J: Defaulting to no-operation (NOP) logger implementation
SLF4J: See https://www.slf4j.org/codes.html#noProviders for further details.
Starting ChromeDriver 114.0.5735.90 (386bc09e8f4f2e025eddae123f36f6263096ae49-refs/branch-heads/5735@{#1052}) on port 38497
Only local connections are allowed.
Please see https://chromedriver.chromium.org/security-considerations for suggestions on keeping ChromeDriver safe.
ChromeDriver was started successfully.
]]></system-err>
  </testcase>
  <testcase name="runScenario[&quot;perform a googole job search&quot;, &quot;google Search&quot;](2)" classname="runners.TestRunner" time="4.232">
    <failure message="session not created: This version of ChromeDriver only supports Chrome version 114&#10;Current browser version is 122.0.6261.112 with binary path /Applications/Google Chrome.app/Contents/MacOS/Google Chrome&#10;Build info: version: &apos;3.141.59&apos;, revision: &apos;e82be7d358&apos;, time: &apos;2018-11-14T08:17:03&apos;&#10;System info: host: &apos;Mohans-MBP.lan&apos;, ip: &apos;2603:7000:dd00:5736:0:0:0:169b%en0&apos;, os.name: &apos;Mac OS X&apos;, os.arch: &apos;x86_64&apos;, os.version: &apos;14.2&apos;, java.version: &apos;17.0.9&apos;&#10;Driver info: driver.version: ChromeDriver&#10;remote stacktrace: 0   chromedriver                        0x0000000102fcb6b8 chromedriver + 4937400&#10;1   chromedriver                        0x0000000102fc2b73 chromedriver + 4901747&#10;2   chromedriver                        0x0000000102b80616 chromedriver + 435734&#10;3   chromedriver                        0x0000000102bb2d10 chromedriver + 642320&#10;4   chromedriver                        0x0000000102bae18a chromedriver + 622986&#10;5   chromedriver                        0x0000000102baa67c chromedriver + 607868&#10;6   chromedriver                        0x0000000102bf1a08 chromedriver + 899592&#10;7   chromedriver                        0x0000000102bf0ebf chromedriver + 896703&#10;8   chromedriver                        0x0000000102be7de3 chromedriver + 859619&#10;9   chromedriver                        0x0000000102bb5d7f chromedriver + 654719&#10;10  chromedriver                        0x0000000102bb70de chromedriver + 659678&#10;11  chromedriver                        0x0000000102f872ad chromedriver + 4657837&#10;12  chromedriver                        0x0000000102f8c130 chromedriver + 4677936&#10;13  chromedriver                        0x0000000102f92def chromedriver + 4705775&#10;14  chromedriver                        0x0000000102f8d05a chromedriver + 4681818&#10;15  chromedriver                        0x0000000102f5f92c chromedriver + 4495660&#10;16  chromedriver                        0x0000000102faa838 chromedriver + 4802616&#10;17  chromedriver                        0x0000000102faa9b7 chromedriver + 4802999&#10;18  chromedriver                        0x0000000102fbb99f chromedriver + 4872607&#10;19  libsystem_pthread.dylib             0x00007ff80f7b3202 _pthread_start + 99&#10;20  libsystem_pthread.dylib             0x00007ff80f7aebab thread_start + 15&#10;" type="org.openqa.selenium.SessionNotCreatedException"><![CDATA[org.openqa.selenium.SessionNotCreatedException: 
session not created: This version of ChromeDriver only supports Chrome version 114
Current browser version is 122.0.6261.112 with binary path /Applications/Google Chrome.app/Contents/MacOS/Google Chrome
Build info: version: '3.141.59', revision: 'e82be7d358', time: '2018-11-14T08:17:03'
System info: host: 'Mohans-MBP.lan', ip: '2603:7000:dd00:5736:0:0:0:169b%en0', os.name: 'Mac OS X', os.arch: 'x86_64', os.version: '14.2', java.version: '17.0.9'
Driver info: driver.version: ChromeDriver
remote stacktrace: 0   chromedriver                        0x0000000102fcb6b8 chromedriver + 4937400
1   chromedriver                        0x0000000102fc2b73 chromedriver + 4901747
2   chromedriver                        0x0000000102b80616 chromedriver + 435734
3   chromedriver                        0x0000000102bb2d10 chromedriver + 642320
4   chromedriver                        0x0000000102bae18a chromedriver + 622986
5   chromedriver                        0x0000000102baa67c chromedriver + 607868
6   chromedriver                        0x0000000102bf1a08 chromedriver + 899592
7   chromedriver                        0x0000000102bf0ebf chromedriver + 896703
8   chromedriver                        0x0000000102be7de3 chromedriver + 859619
9   chromedriver                        0x0000000102bb5d7f chromedriver + 654719
10  chromedriver                        0x0000000102bb70de chromedriver + 659678
11  chromedriver                        0x0000000102f872ad chromedriver + 4657837
12  chromedriver                        0x0000000102f8c130 chromedriver + 4677936
13  chromedriver                        0x0000000102f92def chromedriver + 4705775
14  chromedriver                        0x0000000102f8d05a chromedriver + 4681818
15  chromedriver                        0x0000000102f5f92c chromedriver + 4495660
16  chromedriver                        0x0000000102faa838 chromedriver + 4802616
17  chromedriver                        0x0000000102faa9b7 chromedriver + 4802999
18  chromedriver                        0x0000000102fbb99f chromedriver + 4872607
19  libsystem_pthread.dylib             0x00007ff80f7b3202 _pthread_start + 99
20  libsystem_pthread.dylib             0x00007ff80f7aebab thread_start + 15

	at java.base/jdk.internal.reflect.NativeConstructorAccessorImpl.newInstance0(Native Method)
	at java.base/jdk.internal.reflect.NativeConstructorAccessorImpl.newInstance(NativeConstructorAccessorImpl.java:77)
	at java.base/jdk.internal.reflect.DelegatingConstructorAccessorImpl.newInstance(DelegatingConstructorAccessorImpl.java:45)
	at java.base/java.lang.reflect.Constructor.newInstanceWithCaller(Constructor.java:499)
	at java.base/java.lang.reflect.Constructor.newInstance(Constructor.java:480)
	at org.openqa.selenium.remote.W3CHandshakeResponse.lambda$errorHandler$0(W3CHandshakeResponse.java:62)
	at org.openqa.selenium.remote.HandshakeResponse.lambda$getResponseFunction$0(HandshakeResponse.java:30)
	at org.openqa.selenium.remote.ProtocolHandshake.lambda$createSession$0(ProtocolHandshake.java:126)
	at java.base/java.util.stream.ReferencePipeline$3$1.accept(ReferencePipeline.java:197)
	at java.base/java.util.Spliterators$ArraySpliterator.tryAdvance(Spliterators.java:1002)
	at java.base/java.util.stream.ReferencePipeline.forEachWithCancel(ReferencePipeline.java:129)
	at java.base/java.util.stream.AbstractPipeline.copyIntoWithCancel(AbstractPipeline.java:527)
	at java.base/java.util.stream.AbstractPipeline.copyInto(AbstractPipeline.java:513)
	at java.base/java.util.stream.AbstractPipeline.wrapAndCopyInto(AbstractPipeline.java:499)
	at java.base/java.util.stream.FindOps$FindOp.evaluateSequential(FindOps.java:150)
	at java.base/java.util.stream.AbstractPipeline.evaluate(AbstractPipeline.java:234)
	at java.base/java.util.stream.ReferencePipeline.findFirst(ReferencePipeline.java:647)
	at org.openqa.selenium.remote.ProtocolHandshake.createSession(ProtocolHandshake.java:128)
	at org.openqa.selenium.remote.ProtocolHandshake.createSession(ProtocolHandshake.java:74)
	at org.openqa.selenium.remote.HttpCommandExecutor.execute(HttpCommandExecutor.java:136)
	at org.openqa.selenium.remote.service.DriverCommandExecutor.execute(DriverCommandExecutor.java:83)
	at org.openqa.selenium.remote.RemoteWebDriver.execute(RemoteWebDriver.java:552)
	at org.openqa.selenium.remote.RemoteWebDriver.startSession(RemoteWebDriver.java:213)
	at org.openqa.selenium.remote.RemoteWebDriver.<init>(RemoteWebDriver.java:131)
	at org.openqa.selenium.chrome.ChromeDriver.<init>(ChromeDriver.java:181)
	at org.openqa.selenium.chrome.ChromeDriver.<init>(ChromeDriver.java:168)
	at org.openqa.selenium.chrome.ChromeDriver.<init>(ChromeDriver.java:123)
	at common.December2023Googlebase.launchBrowser(December2023Googlebase.java:17)
	at steps.December2023GoogleSearch.i_am_in_the_google_homepage(December2023GoogleSearch.java:26)
	at ✽.I am in the Google homepage(file:///Users/kopila/eclipse-workspace/Assignments/December2023QA-F/Feature/GoogleSearch.feature:6)
]]></failure>
    <system-err><![CDATA[Starting ChromeDriver 114.0.5735.90 (386bc09e8f4f2e025eddae123f36f6263096ae49-refs/branch-heads/5735@{#1052}) on port 31520
Only local connections are allowed.
Please see https://chromedriver.chromium.org/security-considerations for suggestions on keeping ChromeDriver safe.
ChromeDriver was started successfully.
]]></system-err>
  </testcase>
</testsuite>