<?xml version="1.0" encoding="UTF-8"?>
<!-- Generated by org.testng.reporters.JUnitReportReporter -->
<testsuite hostname="Mohans-MBP.lan" failures="0" tests="2" name="runners.TestRunner" time="9.339" errors="2" timestamp="11 Mar 2024 21:20:10 GMT">
  <testcase classname="runners.TestRunner" name="runScenario" time="4.235">
    <error message="session not created: This version of ChromeDriver only supports Chrome version 114
Current browser version is 122.0.6261.112 with binary path /Applications/Google Chrome.app/Contents/MacOS/Google Chrome
Build info: version: &#039;3.141.59&#039;, revision: &#039;e82be7d358&#039;, time: &#039;2018-11-14T08:17:03&#039;
System info: host: &#039;Mohans-MBP.lan&#039;, ip: &#039;2603:7000:dd00:5736:0:0:0:169b%en0&#039;, os.name: &#039;Mac OS X&#039;, os.arch: &#039;x86_64&#039;, os.version: &#039;14.2&#039;, java.version: &#039;17.0.9&#039;
Driver info: driver.version: ChromeDriver
remote stacktrace: 0   chromedriver                        0x00000001034806b8 chromedriver + 4937400
1   chromedriver                        0x0000000103477b73 chromedriver + 4901747
2   chromedriver                        0x0000000103035616 chromedriver + 435734
3   chromedriver                        0x0000000103067d10 chromedriver + 642320
4   chromedriver                        0x000000010306318a chromedriver + 622986
5   chromedriver                        0x000000010305f67c chromedriver + 607868
6   chromedriver                        0x00000001030a6a08 chromedriver + 899592
7   chromedriver                        0x00000001030a5ebf chromedriver + 896703
8   chromedriver                        0x000000010309cde3 chromedriver + 859619
9   chromedriver                        0x000000010306ad7f chromedriver + 654719
10  chromedriver                        0x000000010306c0de chromedriver + 659678
11  chromedriver                        0x000000010343c2ad chromedriver + 4657837
12  chromedriver                        0x0000000103441130 chromedriver + 4677936
13  chromedriver                        0x0000000103447def chromedriver + 4705775
14  chromedriver                        0x000000010344205a chromedriver + 4681818
15  chromedriver                        0x000000010341492c chromedriver + 4495660
16  chromedriver                        0x000000010345f838 chromedriver + 4802616
17  chromedriver                        0x000000010345f9b7 chromedriver + 4802999
18  chromedriver                        0x000000010347099f chromedriver + 4872607
19  libsystem_pthread.dylib             0x00007ff80f7b3202 _pthread_start + 99
20  libsystem_pthread.dylib             0x00007ff80f7aebab thread_start + 15
" type="org.openqa.selenium.SessionNotCreatedException">
      <![CDATA[org.openqa.selenium.SessionNotCreatedException: session not created: This version of ChromeDriver only supports Chrome version 114
Current browser version is 122.0.6261.112 with binary path /Applications/Google Chrome.app/Contents/MacOS/Google Chrome
Build info: version: '3.141.59', revision: 'e82be7d358', time: '2018-11-14T08:17:03'
System info: host: 'Mohans-MBP.lan', ip: '2603:7000:dd00:5736:0:0:0:169b%en0', os.name: 'Mac OS X', os.arch: 'x86_64', os.version: '14.2', java.version: '17.0.9'
Driver info: driver.version: ChromeDriver
remote stacktrace: 0   chromedriver                        0x00000001034806b8 chromedriver + 4937400
1   chromedriver                        0x0000000103477b73 chromedriver + 4901747
2   chromedriver                        0x0000000103035616 chromedriver + 435734
3   chromedriver                        0x0000000103067d10 chromedriver + 642320
4   chromedriver                        0x000000010306318a chromedriver + 622986
5   chromedriver                        0x000000010305f67c chromedriver + 607868
6   chromedriver                        0x00000001030a6a08 chromedriver + 899592
7   chromedriver                        0x00000001030a5ebf chromedriver + 896703
8   chromedriver                        0x000000010309cde3 chromedriver + 859619
9   chromedriver                        0x000000010306ad7f chromedriver + 654719
10  chromedriver                        0x000000010306c0de chromedriver + 659678
11  chromedriver                        0x000000010343c2ad chromedriver + 4657837
12  chromedriver                        0x0000000103441130 chromedriver + 4677936
13  chromedriver                        0x0000000103447def chromedriver + 4705775
14  chromedriver                        0x000000010344205a chromedriver + 4681818
15  chromedriver                        0x000000010341492c chromedriver + 4495660
16  chromedriver                        0x000000010345f838 chromedriver + 4802616
17  chromedriver                        0x000000010345f9b7 chromedriver + 4802999
18  chromedriver                        0x000000010347099f chromedriver + 4872607
19  libsystem_pthread.dylib             0x00007ff80f7b3202 _pthread_start + 99
20  libsystem_pthread.dylib             0x00007ff80f7aebab thread_start + 15

	at java.base/jdk.internal.reflect.NativeConstructorAccessorImpl.newInstance0(Native Method)
	at java.base/jdk.internal.reflect.NativeConstructorAccessorImpl.newInstance(NativeConstructorAccessorImpl.java:77)
	at java.base/jdk.internal.reflect.DelegatingConstructorAccessorImpl.newInstance(DelegatingConstructorAccessorImpl.java:45)
	at java.base/java.lang.reflect.Constructor.newInstanceWithCaller(Constructor.java:499)
	at java.base/java.lang.reflect.Constructor.newInstance(Constructor.java:480)
	at org.openqa.selenium.remote.W3CHandshakeResponse.lambda$errorHandler$0(W3CHandshakeResponse.java:62)
	at org.openqa.selenium.remote.HandshakeResponse.lambda$getResponseFunction$0(HandshakeResponse.java:30)
	at org.openqa.selenium.remote.ProtocolHandshake.lambda$createSession$0(ProtocolHandshake.java:126)
	at java.base/java.util.stream.ReferencePipeline$3$1.accept(ReferencePipeline.java:197)
	at java.base/java.util.Spliterators$ArraySpliterator.tryAdvance(Spliterators.java:1002)
	at java.base/java.util.stream.ReferencePipeline.forEachWithCancel(ReferencePipeline.java:129)
	at java.base/java.util.stream.AbstractPipeline.copyIntoWithCancel(AbstractPipeline.java:527)
	at java.base/java.util.stream.AbstractPipeline.copyInto(AbstractPipeline.java:513)
	at java.base/java.util.stream.AbstractPipeline.wrapAndCopyInto(AbstractPipeline.java:499)
	at java.base/java.util.stream.FindOps$FindOp.evaluateSequential(FindOps.java:150)
	at java.base/java.util.stream.AbstractPipeline.evaluate(AbstractPipeline.java:234)
	at java.base/java.util.stream.ReferencePipeline.findFirst(ReferencePipeline.java:647)
	at org.openqa.selenium.remote.ProtocolHandshake.createSession(ProtocolHandshake.java:128)
	at org.openqa.selenium.remote.ProtocolHandshake.createSession(ProtocolHandshake.java:74)
	at org.openqa.selenium.remote.HttpCommandExecutor.execute(HttpCommandExecutor.java:136)
	at org.openqa.selenium.remote.service.DriverCommandExecutor.execute(DriverCommandExecutor.java:83)
	at org.openqa.selenium.remote.RemoteWebDriver.execute(RemoteWebDriver.java:552)
	at org.openqa.selenium.remote.RemoteWebDriver.startSession(RemoteWebDriver.java:213)
	at org.openqa.selenium.remote.RemoteWebDriver.<init>(RemoteWebDriver.java:131)
	at org.openqa.selenium.chrome.ChromeDriver.<init>(ChromeDriver.java:181)
	at org.openqa.selenium.chrome.ChromeDriver.<init>(ChromeDriver.java:168)
	at org.openqa.selenium.chrome.ChromeDriver.<init>(ChromeDriver.java:123)
	at common.December2023Googlebase.launchBrowser(December2023Googlebase.java:17)
	at steps.December2023GoogleSearch.i_am_in_the_google_homepage(December2023GoogleSearch.java:26)
	at ✽.I am in the Google homepage(file:///Users/kopila/eclipse-workspace/Assignments/December2023QA-F/Feature/GoogleSearch.feature:6)
]]>
    </error>
  </testcase> <!-- runScenario -->
  <testcase classname="runners.TestRunner" name="runScenario" time="5.104">
    <error message="session not created: This version of ChromeDriver only supports Chrome version 114
Current browser version is 122.0.6261.112 with binary path /Applications/Google Chrome.app/Contents/MacOS/Google Chrome
Build info: version: &#039;3.141.59&#039;, revision: &#039;e82be7d358&#039;, time: &#039;2018-11-14T08:17:03&#039;
System info: host: &#039;Mohans-MBP.lan&#039;, ip: &#039;2603:7000:dd00:5736:0:0:0:169b%en0&#039;, os.name: &#039;Mac OS X&#039;, os.arch: &#039;x86_64&#039;, os.version: &#039;14.2&#039;, java.version: &#039;17.0.9&#039;
Driver info: driver.version: ChromeDriver
remote stacktrace: 0   chromedriver                        0x0000000100b6e6b8 chromedriver + 4937400
1   chromedriver                        0x0000000100b65b73 chromedriver + 4901747
2   chromedriver                        0x0000000100723616 chromedriver + 435734
3   chromedriver                        0x0000000100755d10 chromedriver + 642320
4   chromedriver                        0x000000010075118a chromedriver + 622986
5   chromedriver                        0x000000010074d67c chromedriver + 607868
6   chromedriver                        0x0000000100794a08 chromedriver + 899592
7   chromedriver                        0x0000000100793ebf chromedriver + 896703
8   chromedriver                        0x000000010078ade3 chromedriver + 859619
9   chromedriver                        0x0000000100758d7f chromedriver + 654719
10  chromedriver                        0x000000010075a0de chromedriver + 659678
11  chromedriver                        0x0000000100b2a2ad chromedriver + 4657837
12  chromedriver                        0x0000000100b2f130 chromedriver + 4677936
13  chromedriver                        0x0000000100b35def chromedriver + 4705775
14  chromedriver                        0x0000000100b3005a chromedriver + 4681818
15  chromedriver                        0x0000000100b0292c chromedriver + 4495660
16  chromedriver                        0x0000000100b4d838 chromedriver + 4802616
17  chromedriver                        0x0000000100b4d9b7 chromedriver + 4802999
18  chromedriver                        0x0000000100b5e99f chromedriver + 4872607
19  libsystem_pthread.dylib             0x00007ff80f7b3202 _pthread_start + 99
20  libsystem_pthread.dylib             0x00007ff80f7aebab thread_start + 15
" type="org.openqa.selenium.SessionNotCreatedException">
      <![CDATA[org.openqa.selenium.SessionNotCreatedException: session not created: This version of ChromeDriver only supports Chrome version 114
Current browser version is 122.0.6261.112 with binary path /Applications/Google Chrome.app/Contents/MacOS/Google Chrome
Build info: version: '3.141.59', revision: 'e82be7d358', time: '2018-11-14T08:17:03'
System info: host: 'Mohans-MBP.lan', ip: '2603:7000:dd00:5736:0:0:0:169b%en0', os.name: 'Mac OS X', os.arch: 'x86_64', os.version: '14.2', java.version: '17.0.9'
Driver info: driver.version: ChromeDriver
remote stacktrace: 0   chromedriver                        0x0000000100b6e6b8 chromedriver + 4937400
1   chromedriver                        0x0000000100b65b73 chromedriver + 4901747
2   chromedriver                        0x0000000100723616 chromedriver + 435734
3   chromedriver                        0x0000000100755d10 chromedriver + 642320
4   chromedriver                        0x000000010075118a chromedriver + 622986
5   chromedriver                        0x000000010074d67c chromedriver + 607868
6   chromedriver                        0x0000000100794a08 chromedriver + 899592
7   chromedriver                        0x0000000100793ebf chromedriver + 896703
8   chromedriver                        0x000000010078ade3 chromedriver + 859619
9   chromedriver                        0x0000000100758d7f chromedriver + 654719
10  chromedriver                        0x000000010075a0de chromedriver + 659678
11  chromedriver                        0x0000000100b2a2ad chromedriver + 4657837
12  chromedriver                        0x0000000100b2f130 chromedriver + 4677936
13  chromedriver                        0x0000000100b35def chromedriver + 4705775
14  chromedriver                        0x0000000100b3005a chromedriver + 4681818
15  chromedriver                        0x0000000100b0292c chromedriver + 4495660
16  chromedriver                        0x0000000100b4d838 chromedriver + 4802616
17  chromedriver                        0x0000000100b4d9b7 chromedriver + 4802999
18  chromedriver                        0x0000000100b5e99f chromedriver + 4872607
19  libsystem_pthread.dylib             0x00007ff80f7b3202 _pthread_start + 99
20  libsystem_pthread.dylib             0x00007ff80f7aebab thread_start + 15

	at java.base/jdk.internal.reflect.NativeConstructorAccessorImpl.newInstance0(Native Method)
	at java.base/jdk.internal.reflect.NativeConstructorAccessorImpl.newInstance(NativeConstructorAccessorImpl.java:77)
	at java.base/jdk.internal.reflect.DelegatingConstructorAccessorImpl.newInstance(DelegatingConstructorAccessorImpl.java:45)
	at java.base/java.lang.reflect.Constructor.newInstanceWithCaller(Constructor.java:499)
	at java.base/java.lang.reflect.Constructor.newInstance(Constructor.java:480)
	at org.openqa.selenium.remote.W3CHandshakeResponse.lambda$errorHandler$0(W3CHandshakeResponse.java:62)
	at org.openqa.selenium.remote.HandshakeResponse.lambda$getResponseFunction$0(HandshakeResponse.java:30)
	at org.openqa.selenium.remote.ProtocolHandshake.lambda$createSession$0(ProtocolHandshake.java:126)
	at java.base/java.util.stream.ReferencePipeline$3$1.accept(ReferencePipeline.java:197)
	at java.base/java.util.Spliterators$ArraySpliterator.tryAdvance(Spliterators.java:1002)
	at java.base/java.util.stream.ReferencePipeline.forEachWithCancel(ReferencePipeline.java:129)
	at java.base/java.util.stream.AbstractPipeline.copyIntoWithCancel(AbstractPipeline.java:527)
	at java.base/java.util.stream.AbstractPipeline.copyInto(AbstractPipeline.java:513)
	at java.base/java.util.stream.AbstractPipeline.wrapAndCopyInto(AbstractPipeline.java:499)
	at java.base/java.util.stream.FindOps$FindOp.evaluateSequential(FindOps.java:150)
	at java.base/java.util.stream.AbstractPipeline.evaluate(AbstractPipeline.java:234)
	at java.base/java.util.stream.ReferencePipeline.findFirst(ReferencePipeline.java:647)
	at org.openqa.selenium.remote.ProtocolHandshake.createSession(ProtocolHandshake.java:128)
	at org.openqa.selenium.remote.ProtocolHandshake.createSession(ProtocolHandshake.java:74)
	at org.openqa.selenium.remote.HttpCommandExecutor.execute(HttpCommandExecutor.java:136)
	at org.openqa.selenium.remote.service.DriverCommandExecutor.execute(DriverCommandExecutor.java:83)
	at org.openqa.selenium.remote.RemoteWebDriver.execute(RemoteWebDriver.java:552)
	at org.openqa.selenium.remote.RemoteWebDriver.startSession(RemoteWebDriver.java:213)
	at org.openqa.selenium.remote.RemoteWebDriver.<init>(RemoteWebDriver.java:131)
	at org.openqa.selenium.chrome.ChromeDriver.<init>(ChromeDriver.java:181)
	at org.openqa.selenium.chrome.ChromeDriver.<init>(ChromeDriver.java:168)
	at org.openqa.selenium.chrome.ChromeDriver.<init>(ChromeDriver.java:123)
	at common.December2023Googlebase.launchBrowser(December2023Googlebase.java:17)
	at steps.December2023GoogleSearch.i_am_in_the_google_homepage(December2023GoogleSearch.java:26)
	at ✽.I am in the Google homepage(file:///Users/kopila/eclipse-workspace/Assignments/December2023QA-F/Feature/GoogleSearch.feature:6)
]]>
    </error>
  </testcase> <!-- runScenario -->
</testsuite> <!-- runners.TestRunner -->
